<?xml version="1.0" encoding="UTF-8"?>
<!-- Generated by org.testng.reporters.JUnitReportReporter -->
<testsuite name="com.selenium.ddf.testcases.DummyTestC" tests="4" time="12.679" ignored="0" failures="0" timestamp="22 Jul 2018 09:15:13 GMT" skipped="2" hostname="addramya" errors="0">
  <testcase name="testC" time="0.187" classname="com.selenium.ddf.testcases.DummyTestC">
    <skipped/>
  </testcase> <!-- testC -->
  <testcase name="testC" time="6.728" classname="com.selenium.ddf.testcases.DummyTestC"/>
  <testcase name="testC" time="5.528" classname="com.selenium.ddf.testcases.DummyTestC"/>
  <testcase name="testC" time="0.236" classname="com.selenium.ddf.testcases.DummyTestC">
    <skipped/>
  </testcase> <!-- testC -->
</testsuite> <!-- com.selenium.ddf.testcases.DummyTestC -->
