<?xml version="1.0" encoding="UTF-8"?>
<!-- Generated by org.testng.reporters.JUnitReportReporter -->
<testsuite name="com.selenium.ddf.testcases.DummytestA" tests="3" time="0.255" ignored="0" failures="0" timestamp="24 Feb 2019 07:14:33 GMT" skipped="0" hostname="addramya" errors="0">
  <testcase name="testA1" time="0.053" classname="com.selenium.ddf.testcases.DummytestA"/>
  <testcase name="testA2" time="0.149" classname="com.selenium.ddf.testcases.DummytestA"/>
  <testcase name="testA3" time="0.053" classname="com.selenium.ddf.testcases.DummytestA"/>
</testsuite> <!-- com.selenium.ddf.testcases.DummytestA -->
