<?xml version="1.0" encoding="UTF-8"?>
<!-- Generated by org.testng.reporters.JUnitReportReporter -->
<testsuite name="com.selenium.ddf.testcases.DummyTestB" tests="2" time="16.144" ignored="0" failures="0" timestamp="31 Jul 2018 04:52:57 GMT" skipped="1" hostname="addramya" errors="0">
  <testcase name="testB" time="0.623" classname="com.selenium.ddf.testcases.DummyTestB">
    <skipped/>
  </testcase> <!-- testB -->
  <testcase name="testB" time="15.521" classname="com.selenium.ddf.testcases.DummyTestB"/>
</testsuite> <!-- com.selenium.ddf.testcases.DummyTestB -->
