<?xml version="1.0" encoding="UTF-8"?>
<!-- Generated by org.testng.reporters.JUnitReportReporter -->
<testsuite name="com.selenium.ddf.testcases.testing" tests="1" time="0.685" ignored="0" failures="0" timestamp="18 Dec 2017 16:24:50 GMT" skipped="0" hostname="addramya" errors="0">
  <testcase name="test1" time="0.685" classname="com.selenium.ddf.testcases.testing"/>
</testsuite> <!-- com.selenium.ddf.testcases.testing -->
