<?xml version="1.0" encoding="UTF-8"?>
<!-- Generated by org.testng.reporters.JUnitReportReporter -->
<testsuite name="com.selenium.ddf.testcases.DummytestA" tests="3" time="0.740" ignored="0" failures="0" timestamp="22 Jul 2018 09:15:13 GMT" skipped="0" hostname="addramya" errors="0">
  <testcase name="testA2" time="0.062" classname="com.selenium.ddf.testcases.DummytestA"/>
  <testcase name="testA3" time="0.585" classname="com.selenium.ddf.testcases.DummytestA"/>
  <testcase name="testA1" time="0.093" classname="com.selenium.ddf.testcases.DummytestA"/>
</testsuite> <!-- com.selenium.ddf.testcases.DummytestA -->
